<?xml version="1.0" encoding="UTF-8"?>
<testsuite name="org.example.SpellTest" tests="2" skipped="0" failures="0" errors="0" timestamp="2023-08-12T07:48:43" hostname="DESKTOP-5HD6JNR" time="0.016">
  <properties/>
  <testcase name="getName()" classname="org.example.SpellTest" time="0.015"/>
  <testcase name="getDamage()" classname="org.example.SpellTest" time="0.001"/>
  <system-out><![CDATA[]]></system-out>
  <system-err><![CDATA[]]></system-err>
</testsuite>
