<?xml version="1.0" encoding="UTF-8"?>
<testsuite name="org.example.SpellTest" tests="2" skipped="0" failures="0" errors="0" timestamp="2023-08-13T10:16:05" hostname="LAPTOP-I6LSV9UT" time="0.027">
  <properties/>
  <testcase name="getName()" classname="org.example.SpellTest" time="0.025"/>
  <testcase name="getDamage()" classname="org.example.SpellTest" time="0.001"/>
  <system-out><![CDATA[]]></system-out>
  <system-err><![CDATA[]]></system-err>
</testsuite>
